<?xml version="1.0" encoding="UTF-8"?>
<!-- Generated by org.testng.reporters.JUnitReportReporter -->
<testsuite hostname="SA-RAFROZ-LT" failures="0" tests="4" name="com.qa.ngageplatform.tests.RepositoryComplaintsTemplateTest" time="264.718" errors="0" timestamp="30 Jan 2023 22:57:28 GMT" skipped="1">
  <testcase classname="com.qa.ngageplatform.tests.RepositoryComplaintsTemplateTest" name="verifyComplaintTemplateActivities_ED001_To_ED004" time="120.040"/>
  <testcase classname="com.qa.ngageplatform.tests.RepositoryComplaintsTemplateTest" name="verifyComplaintTemplateActivities_ED001_To_ED004" time="15.970">
    <skipped/>
  </testcase> <!-- verifyComplaintTemplateActivities_ED001_To_ED004 -->
  <testcase classname="com.qa.ngageplatform.tests.RepositoryComplaintsTemplateTest" name="verifyComplaintTemplateActivitiesOnReposritry_ED005_To_ED007" time="72.403"/>
  <testcase classname="com.qa.ngageplatform.tests.RepositoryComplaintsTemplateTest" name="verifyComplaintTemplateActivitiesOnReposritry_ED005_To_ED008" time="56.305"/>
</testsuite> <!-- com.qa.ngageplatform.tests.RepositoryComplaintsTemplateTest -->
