<?xml version="1.0" encoding="UTF-8"?>
<!-- Generated by org.testng.reporters.JUnitReportReporter -->
<testsuite hostname="SA-RAFROZ-LT" failures="0" tests="1" name="com.qa.ngageplatform.regression.LoginPageTest" time="10.443" errors="0" timestamp="31 Jan 2023 02:35:35 GMT" skipped="0">
  <testcase classname="com.qa.ngageplatform.regression.LoginPageTest" name="verificationOfLoginPage_BM001_To_BM004" time="10.443"/>
</testsuite> <!-- com.qa.ngageplatform.regression.LoginPageTest -->
