<?xml version="1.0" encoding="UTF-8"?>
<!-- Generated by org.testng.reporters.JUnitReportReporter -->
<testsuite hostname="SA-RAFROZ-LT" failures="0" tests="1" name="com.qa.ngageplatform.regression.MWSRegressionTest" time="91.677" errors="0" timestamp="31 Jan 2023 02:35:35 GMT" skipped="0">
  <testcase classname="com.qa.ngageplatform.regression.MWSRegressionTest" name="verifyCloserActionActivityA_CorresG_MWS001_To_MWS006" time="91.677"/>
</testsuite> <!-- com.qa.ngageplatform.regression.MWSRegressionTest -->
