<?xml version="1.0" encoding="UTF-8"?>
<!-- Generated by org.testng.reporters.JUnitReportReporter -->
<testsuite hostname="SA-RAFROZ-LT" failures="0" tests="21" name="com.qa.ngageplatform.tests.FeatureMultipageViewerRegressionTest" time="1269.431" errors="0" timestamp="30 Jan 2023 22:57:28 GMT" skipped="2">
  <testcase classname="com.qa.ngageplatform.tests.FeatureMultipageViewerRegressionTest" name="verifyVisibilityOfPDFDocumentMenus_MV001" time="41.830"/>
  <testcase classname="com.qa.ngageplatform.tests.FeatureMultipageViewerRegressionTest" name="verifyThumbnailGridAndThumbnailText_MV002" time="46.731">
    <skipped/>
  </testcase> <!-- verifyThumbnailGridAndThumbnailText_MV002 -->
  <testcase classname="com.qa.ngageplatform.tests.FeatureMultipageViewerRegressionTest" name="verifyThumbnailGridAndThumbnailText_MV002" time="58.058"/>
  <testcase classname="com.qa.ngageplatform.tests.FeatureMultipageViewerRegressionTest" name="verifySplitters_MV004_To_MV007" time="37.054"/>
  <testcase classname="com.qa.ngageplatform.tests.FeatureMultipageViewerRegressionTest" name="verifyNextBtnAndPreviousBtn_MV008_MV009" time="68.652"/>
  <testcase classname="com.qa.ngageplatform.tests.FeatureMultipageViewerRegressionTest" name="verifyThumbnailPageInfo_MV010_MV011" time="74.243"/>
  <testcase classname="com.qa.ngageplatform.tests.FeatureMultipageViewerRegressionTest" name="verifyThumbnailPageInfo_MV012_MV016" time="53.920"/>
  <testcase classname="com.qa.ngageplatform.tests.FeatureMultipageViewerRegressionTest" name="verifyThumbnailPageInfo_MV017_MV018" time="37.677"/>
  <testcase classname="com.qa.ngageplatform.tests.FeatureMultipageViewerRegressionTest" name="verifyUploadedFileInfo_MV019" time="88.327"/>
  <testcase classname="com.qa.ngageplatform.tests.FeatureMultipageViewerRegressionTest" name="verifyUploadedFileInfo_MV020" time="86.714"/>
  <testcase classname="com.qa.ngageplatform.tests.FeatureMultipageViewerRegressionTest" name="verifyReplacedPageInfo_MV021_MV022" time="92.491"/>
  <testcase classname="com.qa.ngageplatform.tests.FeatureMultipageViewerRegressionTest" name="verifyThumbnailDeleteOptions_MV0023" time="55.346"/>
  <testcase classname="com.qa.ngageplatform.tests.FeatureMultipageViewerRegressionTest" name="verifyRotateMenu_MV025" time="55.426"/>
  <testcase classname="com.qa.ngageplatform.tests.FeatureMultipageViewerRegressionTest" name="verifyMultipleThumbnailDelete_MV024" time="51.053"/>
  <testcase classname="com.qa.ngageplatform.tests.FeatureMultipageViewerRegressionTest" name="verifyPageInfoAndTotalCount_MV026_MV027" time="44.246"/>
  <testcase classname="com.qa.ngageplatform.tests.FeatureMultipageViewerRegressionTest" name="verifyExportPdfNoAnnotations_MV032" time="31.519"/>
  <testcase classname="com.qa.ngageplatform.tests.FeatureMultipageViewerRegressionTest" name="verifyExportSplitToPdf_MV034" time="91.311"/>
  <testcase classname="com.qa.ngageplatform.tests.FeatureMultipageViewerRegressionTest" name="verifyExportSplitToTIFF_MV035" time="99.410"/>
  <testcase classname="com.qa.ngageplatform.tests.FeatureMultipageViewerRegressionTest" name="verifyClipboard_MV038_MV041" time="83.358"/>
  <testcase classname="com.qa.ngageplatform.tests.FeatureMultipageViewerRegressionTest" name="verifyClipboard_MV46" time="72.065"/>
  <testcase classname="com.qa.ngageplatform.tests.FeatureMultipageViewerRegressionTest" name="verifyThumbnailGridAndThumbnailText_MV003">
    <skipped/>
  </testcase> <!-- verifyThumbnailGridAndThumbnailText_MV003 -->
</testsuite> <!-- com.qa.ngageplatform.tests.FeatureMultipageViewerRegressionTest -->
