<?xml version="1.0" encoding="UTF-8"?>
<!-- Generated by org.testng.reporters.JUnitReportReporter -->
<testsuite hostname="SA-RAFROZ-LT" failures="0" tests="21" name="com.qa.ngageplatform.regression.FeatureMultipageViewerRegressionTest" time="1264.426" errors="0" timestamp="31 Jan 2023 02:35:35 GMT" skipped="2">
  <testcase classname="com.qa.ngageplatform.regression.FeatureMultipageViewerRegressionTest" name="verifyVisibilityOfPDFDocumentMenus_MV001" time="41.046"/>
  <testcase classname="com.qa.ngageplatform.regression.FeatureMultipageViewerRegressionTest" name="verifyThumbnailGridAndThumbnailText_MV002" time="44.221">
    <skipped/>
  </testcase> <!-- verifyThumbnailGridAndThumbnailText_MV002 -->
  <testcase classname="com.qa.ngageplatform.regression.FeatureMultipageViewerRegressionTest" name="verifyThumbnailGridAndThumbnailText_MV002" time="55.733"/>
  <testcase classname="com.qa.ngageplatform.regression.FeatureMultipageViewerRegressionTest" name="verifySplitters_MV004_To_MV007" time="36.600"/>
  <testcase classname="com.qa.ngageplatform.regression.FeatureMultipageViewerRegressionTest" name="verifyNextBtnAndPreviousBtn_MV008_MV009" time="68.499"/>
  <testcase classname="com.qa.ngageplatform.regression.FeatureMultipageViewerRegressionTest" name="verifyThumbnailPageInfo_MV010_MV011" time="78.732"/>
  <testcase classname="com.qa.ngageplatform.regression.FeatureMultipageViewerRegressionTest" name="verifyThumbnailPageInfo_MV012_MV016" time="52.930"/>
  <testcase classname="com.qa.ngageplatform.regression.FeatureMultipageViewerRegressionTest" name="verifyThumbnailPageInfo_MV017_MV018" time="36.719"/>
  <testcase classname="com.qa.ngageplatform.regression.FeatureMultipageViewerRegressionTest" name="verifyUploadedFileInfo_MV019" time="88.844"/>
  <testcase classname="com.qa.ngageplatform.regression.FeatureMultipageViewerRegressionTest" name="verifyUploadedFileInfo_MV020" time="88.302"/>
  <testcase classname="com.qa.ngageplatform.regression.FeatureMultipageViewerRegressionTest" name="verifyReplacedPageInfo_MV021_MV022" time="93.781"/>
  <testcase classname="com.qa.ngageplatform.regression.FeatureMultipageViewerRegressionTest" name="verifyThumbnailDeleteOptions_MV0023" time="56.683"/>
  <testcase classname="com.qa.ngageplatform.regression.FeatureMultipageViewerRegressionTest" name="verifyRotateMenu_MV025" time="55.889"/>
  <testcase classname="com.qa.ngageplatform.regression.FeatureMultipageViewerRegressionTest" name="verifyMultipleThumbnailDelete_MV024" time="53.689"/>
  <testcase classname="com.qa.ngageplatform.regression.FeatureMultipageViewerRegressionTest" name="verifyPageInfoAndTotalCount_MV026_MV027" time="40.762"/>
  <testcase classname="com.qa.ngageplatform.regression.FeatureMultipageViewerRegressionTest" name="verifyExportPdfNoAnnotations_MV032" time="30.896"/>
  <testcase classname="com.qa.ngageplatform.regression.FeatureMultipageViewerRegressionTest" name="verifyExportSplitToPdf_MV034" time="93.207"/>
  <testcase classname="com.qa.ngageplatform.regression.FeatureMultipageViewerRegressionTest" name="verifyExportSplitToTIFF_MV035" time="90.870"/>
  <testcase classname="com.qa.ngageplatform.regression.FeatureMultipageViewerRegressionTest" name="verifyClipboard_MV038_MV041" time="83.861"/>
  <testcase classname="com.qa.ngageplatform.regression.FeatureMultipageViewerRegressionTest" name="verifyClipboard_MV46" time="73.162"/>
  <testcase classname="com.qa.ngageplatform.regression.FeatureMultipageViewerRegressionTest" name="verifyThumbnailGridAndThumbnailText_MV003">
    <skipped/>
  </testcase> <!-- verifyThumbnailGridAndThumbnailText_MV003 -->
</testsuite> <!-- com.qa.ngageplatform.regression.FeatureMultipageViewerRegressionTest -->
