<?xml version="1.0" encoding="UTF-8"?>
<!-- Generated by org.testng.reporters.JUnitReportReporter -->
<testsuite hostname="SA-RAFROZ-LT" failures="0" tests="1" name="com.qa.ngageplatform.tests.LoginPageValidation" time="10.015" errors="0" timestamp="27 Jan 2023 03:07:27 GMT" skipped="0">
  <testcase classname="com.qa.ngageplatform.tests.LoginPageValidation" name="verificationOfLoginPage_BM001_To_BM004" time="10.015"/>
</testsuite> <!-- com.qa.ngageplatform.tests.LoginPageValidation -->
