<?xml version="1.0" encoding="UTF-8"?>
<!-- Generated by org.testng.reporters.JUnitReportReporter -->
<testsuite hostname="SA-RAFROZ-LT" failures="0" tests="1" name="com.qa.ngageplatform.regression.MWRegressionTest" time="51.229" errors="0" timestamp="17 Feb 2023 21:10:04 GMT" skipped="0">
  <testcase classname="com.qa.ngageplatform.regression.MWRegressionTest" name="verifyCloserActionActivityAPageNoAndPagePrev_NextIcon_MW015_To_17" time="51.229"/>
</testsuite> <!-- com.qa.ngageplatform.regression.MWRegressionTest -->
