<?xml version="1.0" encoding="UTF-8"?>
<!-- Generated by org.testng.reporters.JUnitReportReporter -->
<testsuite hostname="SA-RAFROZ-LT" failures="0" tests="1" name="com.qa.ngageplatform.tests.RepositoryTest" time="101.236" errors="0" timestamp="26 Jan 2023 20:35:51 GMT" skipped="0">
  <testcase classname="com.qa.ngageplatform.tests.RepositoryTest" name="verifySearchResultForDateTimeDoc_Repo003_To_Repo008" time="101.236"/>
</testsuite> <!-- com.qa.ngageplatform.tests.RepositoryTest -->
