<?xml version="1.0" encoding="UTF-8"?>
<!-- Generated by org.testng.reporters.JUnitReportReporter -->
<testsuite hostname="SA-RAFROZ-LT" failures="0" tests="1" name="com.qa.ngageplatform.regression.MyWorkTest" time="94.416" errors="0" timestamp="25 Feb 2023 00:33:28 GMT" skipped="0">
  <testcase classname="com.qa.ngageplatform.regression.MyWorkTest" name="verifySetResetLayoutForLoanApplication_MW008" time="94.416"/>
</testsuite> <!-- com.qa.ngageplatform.regression.MyWorkTest -->
