<?xml version="1.0" encoding="UTF-8"?>
<!-- Generated by org.testng.reporters.JUnitReportReporter -->
<testsuite hostname="SA-RAFROZ-LT" failures="0" tests="1" name="com.qa.ngageplatform.regression.RepositoryComplaintsTemplateTest" time="139.043" errors="0" timestamp="31 Jan 2023 14:47:36 GMT" skipped="0">
  <testcase classname="com.qa.ngageplatform.regression.RepositoryComplaintsTemplateTest" name="verifyComplaintTemplateActivities_ED001_To_ED004" time="139.043"/>
</testsuite> <!-- com.qa.ngageplatform.regression.RepositoryComplaintsTemplateTest -->
