<?xml version="1.0" encoding="UTF-8"?>
<!-- Generated by org.testng.reporters.JUnitReportReporter -->
<testsuite hostname="SA-RAFROZ-LT" failures="0" tests="1" name="com.qa.ngageplatform.tests.MWSRegressionTest" time="98.296" errors="0" timestamp="30 Jan 2023 22:57:28 GMT" skipped="0">
  <testcase classname="com.qa.ngageplatform.tests.MWSRegressionTest" name="verifyCloserActionActivityA_CorresG_MWS001_To_MWS006" time="98.296"/>
</testsuite> <!-- com.qa.ngageplatform.tests.MWSRegressionTest -->
